<?xml version="1.0" encoding="UTF-8"?>
<!-- Generated by org.testng.reporters.JUnitReportReporter -->
<testsuite skipped="0" hostname="DESKTOP-MO03C8A" name="com.jbk.LoginTest" tests="1" failures="0" timestamp="19 Feb 2021 16:25:43 GMT" time="12.413" errors="0">
  <testcase name="validLoginTest" time="12.413" classname="com.jbk.LoginTest"/>
</testsuite> <!-- com.jbk.LoginTest -->
