<?xml version="1.0" encoding="UTF-8"?>
<!-- Generated by org.testng.reporters.JUnitReportReporter -->
<testsuite skipped="0" hostname="DESKTOP-MO03C8A" name="com.jbk.LoginTest" tests="1" failures="0" timestamp="20 Feb 2021 04:54:31 GMT" time="46.589" errors="0">
  <testcase name="validLoginTest" time="46.589" classname="com.jbk.LoginTest"/>
</testsuite> <!-- com.jbk.LoginTest -->
